# JRE version: OpenJDK Runtime Environment (11.0.10) (build 11.0.10+0-b96-7249189)
# Java VM: OpenJDK 64-Bit Server VM (11.0.10+0-b96-7249189, mixed mode, tiered, compressed oops, g1 gc, windows-amd64)
Heap:
 garbage-first heap   total 116736K, used 71397K [0x0000000080000000, 0x0000000100000000)
  region size 1024K, 49 young (50176K), 6 survivors (6144K)
 Metaspace       used 46033K, capacity 47167K, committed 47308K, reserved 1089536K
  class space    used 5905K, capacity 6333K, committed 6400K, reserved 1048576K
GC Heap History (20 events):
Event: 4.514 GC heap before
{Heap before GC invocations=0 (full 0):
 garbage-first heap   total 116736K, used 16384K [0x0000000080000000, 0x0000000100000000)
  region size 1024K, 14 young (14336K), 0 survivors (0K)
 Metaspace       used 6718K, capacity 6921K, committed 7168K, reserved 1056768K
  class space    used 582K, capacity 650K, committed 768K, reserved 1048576K
}
Event: 4.519 GC heap after
{Heap after GC invocations=1 (full 0):
 garbage-first heap   total 116736K, used 3534K [0x0000000080000000, 0x0000000100000000)
  region size 1024K, 2 young (2048K), 2 survivors (2048K)
 Metaspace       used 6718K, capacity 6921K, committed 7168K, reserved 1056768K
  class space    used 582K, capacity 650K, committed 768K, reserved 1048576K
}
Event: 5.544 GC heap before
{Heap before GC invocations=1 (full 0):
 garbage-first heap   total 116736K, used 17870K [0x0000000080000000, 0x0000000100000000)
  region size 1024K, 13 young (13312K), 2 survivors (2048K)
 Metaspace       used 10149K, capacity 10389K, committed 10624K, reserved 1058816K
  class space    used 1059K, capacity 1108K, committed 1152K, reserved 1048576K
}
Event: 5.549 GC heap after
{Heap after GC invocations=2 (full 0):
 garbage-first heap   total 116736K, used 9493K [0x0000000080000000, 0x0000000100000000)
  region size 1024K, 2 young (2048K), 2 survivors (2048K)
 Metaspace       used 10149K, capacity 10389K, committed 10624K, reserved 1058816K
  class space    used 1059K, capacity 1108K, committed 1152K, reserved 1048576K
}
Event: 6.233 GC heap before
{Heap before GC invocations=2 (full 0):
 garbage-first heap   total 116736K, used 32021K [0x0000000080000000, 0x0000000100000000)
  region size 1024K, 25 young (25600K), 2 survivors (2048K)
 Metaspace       used 11130K, capacity 11440K, committed 11520K, reserved 1058816K
  class space    used 1165K, capacity 1245K, committed 1280K, reserved 1048576K
}
Event: 6.237 GC heap after
{Heap after GC invocations=3 (full 0):
 garbage-first heap   total 116736K, used 10234K [0x0000000080000000, 0x0000000100000000)
  region size 1024K, 3 young (3072K), 3 survivors (3072K)
 Metaspace       used 11130K, capacity 11440K, committed 11520K, reserved 1058816K
  class space    used 1165K, capacity 1245K, committed 1280K, reserved 1048576K
}
Event: 7.004 GC heap before
{Heap before GC invocations=3 (full 0):
 garbage-first heap   total 116736K, used 45050K [0x0000000080000000, 0x0000000100000000)
  region size 1024K, 37 young (37888K), 3 survivors (3072K)
 Metaspace       used 13267K, capacity 13683K, committed 13952K, reserved 1060864K
  class space    used 1470K, capacity 1590K, committed 1664K, reserved 1048576K
}
Event: 7.016 GC heap after
{Heap after GC invocations=4 (full 0):
 garbage-first heap   total 116736K, used 15083K [0x0000000080000000, 0x0000000100000000)
  region size 1024K, 5 young (5120K), 5 survivors (5120K)
 Metaspace       used 13267K, capacity 13683K, committed 13952K, reserved 1060864K
  class space    used 1470K, capacity 1590K, committed 1664K, reserved 1048576K
}
Event: 15.861 GC heap before
{Heap before GC invocations=4 (full 0):
 garbage-first heap   total 116736K, used 58091K [0x0000000080000000, 0x0000000100000000)
  region size 1024K, 48 young (49152K), 5 survivors (5120K)
 Metaspace       used 20552K, capacity 21088K, committed 21248K, reserved 1067008K
  class space    used 2503K, capacity 2690K, committed 2816K, reserved 1048576K
}
Event: 15.869 GC heap after
{Heap after GC invocations=5 (full 0):
 garbage-first heap   total 116736K, used 16949K [0x0000000080000000, 0x0000000100000000)
  region size 1024K, 2 young (2048K), 2 survivors (2048K)
 Metaspace       used 20552K, capacity 21088K, committed 21248K, reserved 1067008K
  class space    used 2503K, capacity 2690K, committed 2816K, reserved 1048576K
}
Event: 18.843 GC heap before
{Heap before GC invocations=6 (full 0):
 garbage-first heap   total 116736K, used 67125K [0x0000000080000000, 0x0000000100000000)
  region size 1024K, 51 young (52224K), 2 survivors (2048K)
 Metaspace       used 25705K, capacity 26324K, committed 26368K, reserved 1073152K
  class space    used 3357K, capacity 3568K, committed 3584K, reserved 1048576K
}
Event: 18.850 GC heap after
{Heap after GC invocations=7 (full 0):
 garbage-first heap   total 116736K, used 18841K [0x0000000080000000, 0x0000000100000000)
  region size 1024K, 4 young (4096K), 4 survivors (4096K)
 Metaspace       used 25705K, capacity 26324K, committed 26368K, reserved 1073152K
  class space    used 3357K, capacity 3568K, committed 3584K, reserved 1048576K
}
Event: 21.599 GC heap before
{Heap before GC invocations=7 (full 0):
 garbage-first heap   total 116736K, used 73113K [0x0000000080000000, 0x0000000100000000)
  region size 1024K, 57 young (58368K), 4 survivors (4096K)
 Metaspace       used 31786K, capacity 32554K, committed 32640K, reserved 1077248K
  class space    used 4201K, capacity 4475K, committed 4480K, reserved 1048576K
}
Event: 21.608 GC heap after
{Heap after GC invocations=8 (full 0):
 garbage-first heap   total 116736K, used 21218K [0x0000000080000000, 0x0000000100000000)
  region size 1024K, 6 young (6144K), 6 survivors (6144K)
 Metaspace       used 31786K, capacity 32554K, committed 32640K, reserved 1077248K
  class space    used 4201K, capacity 4475K, committed 4480K, reserved 1048576K
}
Event: 21.929 GC heap before
{Heap before GC invocations=8 (full 0):
 garbage-first heap   total 116736K, used 28386K [0x0000000080000000, 0x0000000100000000)
  region size 1024K, 14 young (14336K), 6 survivors (6144K)
 Metaspace       used 34878K, capacity 35669K, committed 35840K, reserved 1081344K
  class space    used 4528K, capacity 4834K, committed 4864K, reserved 1048576K
}
Event: 21.943 GC heap after
{Heap after GC invocations=9 (full 0):
 garbage-first heap   total 116736K, used 22699K [0x0000000080000000, 0x0000000100000000)
  region size 1024K, 6 young (6144K), 6 survivors (6144K)
 Metaspace       used 34878K, capacity 35669K, committed 35840K, reserved 1081344K
  class space    used 4528K, capacity 4834K, committed 4864K, reserved 1048576K
}
Event: 23.142 GC heap before
{Heap before GC invocations=10 (full 0):
 garbage-first heap   total 116736K, used 70827K [0x0000000080000000, 0x0000000100000000)
  region size 1024K, 51 young (52224K), 6 survivors (6144K)
 Metaspace       used 38673K, capacity 39540K, committed 39756K, reserved 1083392K
  class space    used 4926K, capacity 5244K, committed 5248K, reserved 1048576K
}
Event: 23.157 GC heap after
{Heap after GC invocations=11 (full 0):
 garbage-first heap   total 116736K, used 26386K [0x0000000080000000, 0x0000000100000000)
  region size 1024K, 7 young (7168K), 7 survivors (7168K)
 Metaspace       used 38673K, capacity 39540K, committed 39756K, reserved 1083392K
  class space    used 4926K, capacity 5244K, committed 5248K, reserved 1048576K
}
Event: 26.185 GC heap before
{Heap before GC invocations=12 (full 0):
 garbage-first heap   total 116736K, used 73490K [0x0000000080000000, 0x0000000100000000)
  region size 1024K, 53 young (54272K), 7 survivors (7168K)
 Metaspace       used 42751K, capacity 43714K, committed 43980K, reserved 1087488K
  class space    used 5418K, capacity 5776K, committed 5888K, reserved 1048576K
}
Event: 26.196 GC heap after
{Heap after GC invocations=13 (full 0):
 garbage-first heap   total 116736K, used 28389K [0x0000000080000000, 0x0000000100000000)
  region size 1024K, 6 young (6144K), 6 survivors (6144K)
 Metaspace       used 42751K, capacity 43714K, committed 43980K, reserved 1087488K
  class space    used 5418K, capacity 5776K, committed 5888K, reserved 1048576K
}

