# JRE version: OpenJDK Runtime Environment (11.0.10) (build 11.0.10+0-b96-7249189)
# Java VM: OpenJDK 64-Bit Server VM (11.0.10+0-b96-7249189, mixed mode, tiered, compressed oops, g1 gc, windows-amd64)
Heap:
 garbage-first heap   total 393216K, used 186871K [0x0000000080000000, 0x0000000100000000)
  region size 1024K, 2 young (2048K), 2 survivors (2048K)
 Metaspace       used 110933K, capacity 113500K, committed 113536K, reserved 1148928K
  class space    used 14018K, capacity 14966K, committed 14976K, reserved 1048576K
GC Heap History (20 events):
Event: 96.468 GC heap after
{Heap after GC invocations=59 (full 0):
 garbage-first heap   total 168960K, used 131707K [0x0000000080000000, 0x0000000100000000)
  region size 1024K, 4 young (4096K), 4 survivors (4096K)
 Metaspace       used 109649K, capacity 112175K, committed 112512K, reserved 1146880K
  class space    used 13903K, capacity 14849K, committed 14976K, reserved 1048576K
}
Event: 96.513 GC heap before
{Heap before GC invocations=59 (full 0):
 garbage-first heap   total 168960K, used 139899K [0x0000000080000000, 0x0000000100000000)
  region size 1024K, 12 young (12288K), 4 survivors (4096K)
 Metaspace       used 109652K, capacity 112239K, committed 112512K, reserved 1146880K
  class space    used 13903K, capacity 14849K, committed 14976K, reserved 1048576K
}
Event: 96.522 GC heap after
{Heap after GC invocations=60 (full 0):
 garbage-first heap   total 168960K, used 138240K [0x0000000080000000, 0x0000000100000000)
  region size 1024K, 2 young (2048K), 2 survivors (2048K)
 Metaspace       used 109652K, capacity 112239K, committed 112512K, reserved 1146880K
  class space    used 13903K, capacity 14849K, committed 14976K, reserved 1048576K
}
Event: 96.556 GC heap before
{Heap before GC invocations=60 (full 0):
 garbage-first heap   total 168960K, used 144384K [0x0000000080000000, 0x0000000100000000)
  region size 1024K, 8 young (8192K), 2 survivors (2048K)
 Metaspace       used 109652K, capacity 112239K, committed 112512K, reserved 1146880K
  class space    used 13903K, capacity 14849K, committed 14976K, reserved 1048576K
}
Event: 96.563 GC heap after
{Heap after GC invocations=61 (full 0):
 garbage-first heap   total 168960K, used 143360K [0x0000000080000000, 0x0000000100000000)
  region size 1024K, 1 young (1024K), 1 survivors (1024K)
 Metaspace       used 109652K, capacity 112239K, committed 112512K, reserved 1146880K
  class space    used 13903K, capacity 14849K, committed 14976K, reserved 1048576K
}
Event: 96.592 GC heap before
{Heap before GC invocations=61 (full 0):
 garbage-first heap   total 168960K, used 150528K [0x0000000080000000, 0x0000000100000000)
  region size 1024K, 8 young (8192K), 1 survivors (1024K)
 Metaspace       used 109652K, capacity 112239K, committed 112512K, reserved 1146880K
  class space    used 13903K, capacity 14849K, committed 14976K, reserved 1048576K
}
Event: 96.600 GC heap after
{Heap after GC invocations=62 (full 0):
 garbage-first heap   total 168960K, used 148777K [0x0000000080000000, 0x0000000100000000)
  region size 1024K, 1 young (1024K), 1 survivors (1024K)
 Metaspace       used 109652K, capacity 112239K, committed 112512K, reserved 1146880K
  class space    used 13903K, capacity 14849K, committed 14976K, reserved 1048576K
}
Event: 96.958 GC heap before
{Heap before GC invocations=62 (full 0):
 garbage-first heap   total 168960K, used 154921K [0x0000000080000000, 0x0000000100000000)
  region size 1024K, 8 young (8192K), 1 survivors (1024K)
 Metaspace       used 110757K, capacity 113334K, committed 113536K, reserved 1148928K
  class space    used 14009K, capacity 14956K, committed 14976K, reserved 1048576K
}
Event: 96.963 GC heap after
{Heap after GC invocations=63 (full 0):
 garbage-first heap   total 168960K, used 150165K [0x0000000080000000, 0x0000000100000000)
  region size 1024K, 1 young (1024K), 1 survivors (1024K)
 Metaspace       used 110757K, capacity 113334K, committed 113536K, reserved 1148928K
  class space    used 14009K, capacity 14956K, committed 14976K, reserved 1048576K
}
Event: 97.119 GC heap before
{Heap before GC invocations=64 (full 0):
 garbage-first heap   total 168960K, used 157333K [0x0000000080000000, 0x0000000100000000)
  region size 1024K, 8 young (8192K), 1 survivors (1024K)
 Metaspace       used 110898K, capacity 113488K, committed 113536K, reserved 1148928K
  class space    used 14017K, capacity 14964K, committed 14976K, reserved 1048576K
}
Event: 97.129 GC heap after
{Heap after GC invocations=65 (full 0):
 garbage-first heap   total 168960K, used 155640K [0x0000000080000000, 0x0000000100000000)
  region size 1024K, 1 young (1024K), 1 survivors (1024K)
 Metaspace       used 110898K, capacity 113488K, committed 113536K, reserved 1148928K
  class space    used 14017K, capacity 14964K, committed 14976K, reserved 1048576K
}
Event: 97.176 GC heap before
{Heap before GC invocations=65 (full 0):
 garbage-first heap   total 168960K, used 162808K [0x0000000080000000, 0x0000000100000000)
  region size 1024K, 8 young (8192K), 1 survivors (1024K)
 Metaspace       used 110906K, capacity 113500K, committed 113536K, reserved 1148928K
  class space    used 14018K, capacity 14966K, committed 14976K, reserved 1048576K
}
Event: 97.187 GC heap after
{Heap after GC invocations=66 (full 0):
 garbage-first heap   total 172032K, used 162410K [0x0000000080000000, 0x0000000100000000)
  region size 1024K, 1 young (1024K), 1 survivors (1024K)
 Metaspace       used 110906K, capacity 113500K, committed 113536K, reserved 1148928K
  class space    used 14018K, capacity 14966K, committed 14976K, reserved 1048576K
}
Event: 97.212 GC heap before
{Heap before GC invocations=66 (full 0):
 garbage-first heap   total 172032K, used 169578K [0x0000000080000000, 0x0000000100000000)
  region size 1024K, 8 young (8192K), 1 survivors (1024K)
 Metaspace       used 110906K, capacity 113500K, committed 113536K, reserved 1148928K
  class space    used 14018K, capacity 14966K, committed 14976K, reserved 1048576K
}
Event: 97.228 GC heap after
{Heap after GC invocations=67 (full 0):
 garbage-first heap   total 177152K, used 168871K [0x0000000080000000, 0x0000000100000000)
  region size 1024K, 1 young (1024K), 1 survivors (1024K)
 Metaspace       used 110906K, capacity 113500K, committed 113536K, reserved 1148928K
  class space    used 14018K, capacity 14966K, committed 14976K, reserved 1048576K
}
Event: 97.254 GC heap before
{Heap before GC invocations=67 (full 0):
 garbage-first heap   total 177152K, used 176039K [0x0000000080000000, 0x0000000100000000)
  region size 1024K, 8 young (8192K), 1 survivors (1024K)
 Metaspace       used 110906K, capacity 113500K, committed 113536K, reserved 1148928K
  class space    used 14018K, capacity 14966K, committed 14976K, reserved 1048576K
}
Event: 97.295 GC heap after
{Heap after GC invocations=68 (full 0):
 garbage-first heap   total 183296K, used 174957K [0x0000000080000000, 0x0000000100000000)
  region size 1024K, 1 young (1024K), 1 survivors (1024K)
 Metaspace       used 110906K, capacity 113500K, committed 113536K, reserved 1148928K
  class space    used 14018K, capacity 14966K, committed 14976K, reserved 1048576K
}
Event: 97.328 GC heap before
{Heap before GC invocations=68 (full 0):
 garbage-first heap   total 183296K, used 182125K [0x0000000080000000, 0x0000000100000000)
  region size 1024K, 8 young (8192K), 1 survivors (1024K)
 Metaspace       used 110906K, capacity 113500K, committed 113536K, reserved 1148928K
  class space    used 14018K, capacity 14966K, committed 14976K, reserved 1048576K
}
Event: 97.364 GC heap after
{Heap after GC invocations=69 (full 0):
 garbage-first heap   total 188416K, used 179997K [0x0000000080000000, 0x0000000100000000)
  region size 1024K, 1 young (1024K), 1 survivors (1024K)
 Metaspace       used 110906K, capacity 113500K, committed 113536K, reserved 1148928K
  class space    used 14018K, capacity 14966K, committed 14976K, reserved 1048576K
}
Event: 97.435 GC heap before
{Heap before GC invocations=69 (full 0):
 garbage-first heap   total 188416K, used 188189K [0x0000000080000000, 0x0000000100000000)
  region size 1024K, 9 young (9216K), 1 survivors (1024K)
 Metaspace       used 110933K, capacity 113500K, committed 113536K, reserved 1148928K
  class space    used 14018K, capacity 14966K, committed 14976K, reserved 1048576K
}

