# JRE version: OpenJDK Runtime Environment (11.0.10) (build 11.0.10+0-b96-7249189)
# Java VM: OpenJDK 64-Bit Server VM (11.0.10+0-b96-7249189, mixed mode, tiered, compressed oops, g1 gc, windows-amd64)
Heap:
 garbage-first heap   total 116736K, used 19024K [0x0000000080000000, 0x0000000100000000)
  region size 1024K, 6 young (6144K), 3 survivors (3072K)
 Metaspace       used 21711K, capacity 22335K, committed 22400K, reserved 1075200K
  class space    used 2718K, capacity 2938K, committed 2944K, reserved 1048576K
GC Heap History (10 events):
Event: 4.096 GC heap before
{Heap before GC invocations=0 (full 0):
 garbage-first heap   total 116736K, used 16384K [0x0000000080000000, 0x0000000100000000)
  region size 1024K, 14 young (14336K), 0 survivors (0K)
 Metaspace       used 6722K, capacity 6921K, committed 7168K, reserved 1056768K
  class space    used 582K, capacity 650K, committed 768K, reserved 1048576K
}
Event: 4.101 GC heap after
{Heap after GC invocations=1 (full 0):
 garbage-first heap   total 116736K, used 3459K [0x0000000080000000, 0x0000000100000000)
  region size 1024K, 2 young (2048K), 2 survivors (2048K)
 Metaspace       used 6722K, capacity 6921K, committed 7168K, reserved 1056768K
  class space    used 582K, capacity 650K, committed 768K, reserved 1048576K
}
Event: 5.358 GC heap before
{Heap before GC invocations=1 (full 0):
 garbage-first heap   total 116736K, used 18819K [0x0000000080000000, 0x0000000100000000)
  region size 1024K, 14 young (14336K), 2 survivors (2048K)
 Metaspace       used 10216K, capacity 10423K, committed 10624K, reserved 1058816K
  class space    used 1065K, capacity 1141K, committed 1152K, reserved 1048576K
}
Event: 5.365 GC heap after
{Heap after GC invocations=2 (full 0):
 garbage-first heap   total 116736K, used 9216K [0x0000000080000000, 0x0000000100000000)
  region size 1024K, 2 young (2048K), 2 survivors (2048K)
 Metaspace       used 10216K, capacity 10423K, committed 10624K, reserved 1058816K
  class space    used 1065K, capacity 1141K, committed 1152K, reserved 1048576K
}
Event: 6.128 GC heap before
{Heap before GC invocations=2 (full 0):
 garbage-first heap   total 116736K, used 32768K [0x0000000080000000, 0x0000000100000000)
  region size 1024K, 26 young (26624K), 2 survivors (2048K)
 Metaspace       used 11116K, capacity 11440K, committed 11520K, reserved 1058816K
  class space    used 1165K, capacity 1245K, committed 1280K, reserved 1048576K
}
Event: 6.135 GC heap after
{Heap after GC invocations=3 (full 0):
 garbage-first heap   total 116736K, used 9865K [0x0000000080000000, 0x0000000100000000)
  region size 1024K, 3 young (3072K), 3 survivors (3072K)
 Metaspace       used 11116K, capacity 11440K, committed 11520K, reserved 1058816K
  class space    used 1165K, capacity 1245K, committed 1280K, reserved 1048576K
}
Event: 10.970 GC heap before
{Heap before GC invocations=3 (full 0):
 garbage-first heap   total 116736K, used 45705K [0x0000000080000000, 0x0000000100000000)
  region size 1024K, 38 young (38912K), 3 survivors (3072K)
 Metaspace       used 14058K, capacity 14515K, committed 14592K, reserved 1062912K
  class space    used 1588K, capacity 1718K, committed 1792K, reserved 1048576K
}
Event: 10.979 GC heap after
{Heap after GC invocations=4 (full 0):
 garbage-first heap   total 116736K, used 14847K [0x0000000080000000, 0x0000000100000000)
  region size 1024K, 5 young (5120K), 5 survivors (5120K)
 Metaspace       used 14058K, capacity 14515K, committed 14592K, reserved 1062912K
  class space    used 1588K, capacity 1718K, committed 1792K, reserved 1048576K
}
Event: 16.151 GC heap before
{Heap before GC invocations=4 (full 0):
 garbage-first heap   total 116736K, used 54783K [0x0000000080000000, 0x0000000100000000)
  region size 1024K, 45 young (46080K), 5 survivors (5120K)
 Metaspace       used 20586K, capacity 21088K, committed 21248K, reserved 1067008K
  class space    used 2506K, capacity 2690K, committed 2816K, reserved 1048576K
}
Event: 16.160 GC heap after
{Heap after GC invocations=5 (full 0):
 garbage-first heap   total 116736K, used 16882K [0x0000000080000000, 0x0000000100000000)
  region size 1024K, 2 young (2048K), 2 survivors (2048K)
 Metaspace       used 20586K, capacity 21088K, committed 21248K, reserved 1067008K
  class space    used 2506K, capacity 2690K, committed 2816K, reserved 1048576K
}

